
> kittenbotgui@1.0.0 start F:\KittenbotGui
> webpack-dev-server --port 1025 --content-base=./build

 http://localhost:1025/webpack-dev-server/
webpack result is served from /
content is served from F:\KittenbotGui\build
Hash: 434b2e5605bf2d424e74
Version: webpack 1.13.2
Time: 176267ms
                                                              Asset       Size  Chunks             Chunk Names
              static/blocks-media/icons/event_broadcast_magenta.svg    1.66 kB          [emitted]  
                                                             gui.js     2.5 MB       0  [emitted]  gui
                                                         index.html  240 bytes          [emitted]  
                                      static/blocks-media/click.ogg    4.87 kB          [emitted]  
                                        static/blocks-media/1x1.gif   43 bytes          [emitted]  
                                      static/blocks-media/click.mp3     2.3 kB          [emitted]  
                                 static/blocks-media/accessible.css  250 bytes          [emitted]  
                                     static/blocks-media/delete.ogg    5.73 kB          [emitted]  
                                 static/blocks-media/disconnect.mp3    1.59 kB          [emitted]  
                                 static/blocks-media/disconnect.ogg     4.4 kB          [emitted]  
                                     static/blocks-media/delete.mp3    3.12 kB          [emitted]  
                                    static/blocks-media/c_arrow.svg    2.45 kB          [emitted]  
                        static/blocks-media/dropdown-arrow-dark.svg  574 bytes          [emitted]  
                                 static/blocks-media/disconnect.wav    1.49 kB          [emitted]  
                             static/blocks-media/dropdown-arrow.svg  569 bytes          [emitted]  
                                   static/blocks-media/handopen.cur  198 bytes          [emitted]  
                                 static/blocks-media/handdelete.cur  766 bytes          [emitted]  
                                 static/blocks-media/handclosed.cur  326 bytes          [emitted]  
                                     static/blocks-media/quote0.png  796 bytes          [emitted]  
                                     static/blocks-media/quote1.png  738 bytes          [emitted]  
                                    static/blocks-media/sprites.svg    1.85 kB          [emitted]  
                                    static/blocks-media/sprites.png    4.15 kB          [emitted]  
                             static/blocks-media/turnleft_arrow.png  353 bytes          [emitted]  
                            static/blocks-media/turnright_arrow.png  344 bytes          [emitted]  
                      static/blocks-media/icons/control_forever.svg    4.67 kB          [emitted]  
                       static/blocks-media/icons/control_repeat.svg    1.99 kB          [emitted]  
                         static/blocks-media/icons/control_stop.svg  301 bytes          [emitted]  
                         static/blocks-media/icons/control_wait.svg    1.14 kB          [emitted]  
                 static/blocks-media/icons/event_broadcast_blue.svg    1.65 kB          [emitted]  
                static/blocks-media/icons/event_broadcast_coral.svg    1.66 kB          [emitted]  
                static/blocks-media/icons/event_broadcast_green.svg    1.66 kB          [emitted]  
                                                         lib.min.js     739 kB       1  [emitted]  lib
               static/blocks-media/icons/event_broadcast_purple.svg    1.65 kB          [emitted]  
               static/blocks-media/icons/event_broadcast_orange.svg    1.66 kB          [emitted]  
   static/blocks-media/icons/event_when-broadcast-received_blue.svg    1.65 kB          [emitted]  
  static/blocks-media/icons/event_when-broadcast-received_coral.svg    1.65 kB          [emitted]  
  static/blocks-media/icons/event_when-broadcast-received_green.svg    1.65 kB          [emitted]  
static/blocks-media/icons/event_when-broadcast-received_magenta.svg    1.66 kB          [emitted]  
 static/blocks-media/icons/event_when-broadcast-received_orange.svg    1.66 kB          [emitted]  
                         static/blocks-media/icons/set-led_blue.svg    2.04 kB          [emitted]  
 static/blocks-media/icons/event_when-broadcast-received_purple.svg    1.65 kB          [emitted]  
                static/blocks-media/icons/event_whenflagclicked.svg  634 bytes          [emitted]  
                        static/blocks-media/icons/set-led_coral.svg    2.04 kB          [emitted]  
                        static/blocks-media/icons/set-led_green.svg    2.04 kB          [emitted]  
                      static/blocks-media/icons/set-led_magenta.svg    2.04 kB          [emitted]  
                      static/blocks-media/icons/set-led_mystery.svg    2.96 kB          [emitted]  
                       static/blocks-media/icons/set-led_orange.svg    2.04 kB          [emitted]  
                       static/blocks-media/icons/set-led_purple.svg    2.04 kB          [emitted]  
                        static/blocks-media/icons/set-led_white.svg    2.04 kB          [emitted]  
                       static/blocks-media/icons/set-led_yellow.svg    2.04 kB          [emitted]  
                 static/blocks-media/icons/wedo_motor-clockwise.svg    3.75 kB          [emitted]  
          static/blocks-media/icons/wedo_motor-counterclockwise.svg    3.73 kB          [emitted]  
                static/blocks-media/icons/wedo_motor-speed_fast.svg    4.33 kB          [emitted]  
                 static/blocks-media/icons/wedo_motor-speed_med.svg    4.35 kB          [emitted]  
             static/blocks-media/icons/wedo_when-distance_close.svg    4.75 kB          [emitted]  
                static/blocks-media/icons/wedo_motor-speed_slow.svg    4.36 kB          [emitted]  
              static/blocks-media/icons/wedo_when-tilt-backward.svg    4.91 kB          [emitted]  
               static/blocks-media/icons/wedo_when-tilt-forward.svg    4.93 kB          [emitted]  
                  static/blocks-media/icons/wedo_when-tilt-left.svg    3.65 kB          [emitted]  
                 static/blocks-media/icons/wedo_when-tilt-right.svg    3.66 kB          [emitted]  
                       static/blocks-media/icons/wedo_when-tilt.svg    4.11 kB          [emitted]  
                                      static/blocks-media/click.wav    49.9 kB          [emitted]  
                                     static/blocks-media/delete.wav    40.1 kB          [emitted]  
chunk    {0} gui.js (gui) 2.47 MB {1} [rendered]
    [0] ./app/index.jsx 4.05 kB {0} [built]
  [172] ./app/containers/gui.jsx 9.05 kB {0} [built]
  [173] ./~/lodash.bindall/index.js 43.1 kB {0} [built]
  [174] ./~/lodash.defaultsdeep/index.js 31.4 kB {0} [built]
  [175] ./~/lodash._baseclone/index.js 46 kB {0} [built]
  [176] (webpack)/buildin/module.js 251 bytes {0} [built]
  [177] ./~/lodash.isplainobject/index.js 3.67 kB {0} [built]
  [178] ./~/lodash.keysin/index.js 10 kB {0} [built]
  [179] ./~/lodash.mergewith/index.js 58.2 kB {0} [built]
  [180] ./~/lodash.rest/index.js 8.2 kB {0} [built]
  [181] ./~/lodash._root/index.js 1.94 kB {0} [built]
  [182] ./app/scratch-vm/dist.js 403 kB {0} [built]
  [183] ./app/lib/vm-manager.js 2.59 kB {0} [built]
  [184] ./app/lib/media-library.js 3.89 kB {0} [built]
  [185] ./~/xhr/index.js 6.86 kB {0} [built]
  [186] ./~/global/window.js 243 bytes {0} [built]
  [187] ./~/is-function/index.js 426 bytes {0} [built]
  [188] ./~/parse-headers/parse-headers.js 728 bytes {0} [built]
  [189] ./~/trim/index.js 234 bytes {0} [built]
  [190] ./~/for-each/index.js 1.26 kB {0} [built]
  [191] ./~/xtend/immutable.js 384 bytes {0} [built]
  [192] ./app/lib/shape-from-prop-types.js 442 bytes {0} [built]
  [193] ./app/containers/blocks.jsx 7.39 kB {0} [built]
  [194] ./app/scratch-blocks/dist/vertical.js 917 kB {0} [built]
  [195] ./app/components/blocks.jsx 3.12 kB {0} [built]
  [196] ./app/components/gui.jsx 1.11 kB {0} [built]
  [197] ./app/containers/green-flag.jsx 4.13 kB {0} [built]
  [198] ./app/components/green-flag/green-flag.jsx 1.51 kB {0} [built]
  [199] ./app/components/green-flag/green-flag.svg 913 bytes {0} [built]
  [200] ./app/containers/sprite-selector.jsx 4.49 kB {0} [built]
  [201] ./app/components/sprite-selector.jsx 2.68 kB {0} [built]
  [202] ./app/containers/stage.jsx 5.65 kB {0} [built]
  [203] ./app/scratch-render/dist.js 743 kB {0} [built]
  [204] ./app/components/stage.jsx 3.38 kB {0} [built]
  [205] ./app/containers/stop-all.jsx 4.1 kB {0} [built]
  [206] ./app/components/stop-all/stop-all.jsx 1.5 kB {0} [built]
  [207] ./app/components/stop-all/stop-all.svg 668 bytes {0} [built]
  [208] ./app/containers/sprite-library.jsx 5.38 kB {0} [built]
  [209] ./app/components/library.jsx 4.66 kB {0} [built]
  [210] ./app/components/library-item.jsx 3.66 kB {0} [built]
  [211] ./~/react-style-proptype/src/index.js 741 bytes {0} [built]
  [212] ./~/react-style-proptype/src/css-properties.js 31.6 kB {0} [built]
  [213] ./app/components/costume-canvas.jsx 6.34 kB {0} [built]
  [214] ./~/svg-to-image/index.js 1.47 kB {0} [built]
  [215] ./~/load-img/index.js 602 bytes {0} [built]
  [216] ./app/components/modal.jsx 4 kB {0} [built]
  [217] ./~/react-modal/lib/index.js 49 bytes {0} [built]
  [218] ./~/react-modal/lib/components/Modal.js 3.51 kB {0} [built]
  [219] ./~/exenv/index.js 843 bytes {0} [built]
  [220] ./~/react-modal/lib/components/ModalPortal.js 5.57 kB {0} [built]
  [221] ./~/react-modal/lib/helpers/focusManager.js 1.84 kB {0} [built]
  [222] ./~/react-modal/lib/helpers/tabbable.js 1.29 kB {0} [built]
  [223] ./~/react-modal/lib/helpers/scopeTab.js 608 bytes {0} [built]
  [224] ./~/lodash.assign/index.js 2.89 kB {0} [built]
  [225] ./~/lodash._baseassign/index.js 927 bytes {0} [built]
  [226] ./~/lodash._basecopy/index.js 954 bytes {0} [built]
  [227] ./~/lodash.keys/index.js 6.62 kB {0} [built]
  [228] ./~/lodash._getnative/index.js 3.87 kB {0} [built]
  [229] ./~/lodash.isarguments/index.js 5.71 kB {0} [built]
  [230] ./~/lodash.isarray/index.js 5.16 kB {0} [built]
  [231] ./~/lodash._createassigner/index.js 1.83 kB {0} [built]
  [232] ./~/lodash._bindcallback/index.js 1.91 kB {0} [built]
  [233] ./~/lodash._isiterateecall/index.js 4.05 kB {0} [built]
  [234] ./~/lodash.restparam/index.js 2.32 kB {0} [built]
  [235] ./~/react-modal/lib/helpers/ariaAppHider.js 1.05 kB {0} [built]
  [236] ./~/element-class/index.js 1.58 kB {0} [built]
  [237] ./app/containers/costume-library.jsx 3.86 kB {0} [built]
  [238] ./app/containers/backdrop-library.jsx 3.87 kB {0} [built]
  [239] ./app/lib/log.js 100 bytes {0} [built]
  [240] ./~/minilog/lib/web/index.js 1.31 kB {0} [built]
  [241] ./~/minilog/lib/common/minilog.js 1.58 kB {0} [built]
  [242] ./~/minilog/lib/common/transform.js 1.92 kB {0} [built]
  [243] ./~/microee/index.js 1.27 kB {0} [built]
  [244] ./~/minilog/lib/common/filter.js 1.39 kB {0} [built]
  [245] ./~/minilog/lib/web/console.js 925 bytes {0} [built]
  [246] ./~/minilog/lib/web/formatters/color.js 606 bytes {0} [built]
  [247] ./~/minilog/lib/web/formatters/util.js 366 bytes {0} [built]
  [248] ./~/minilog/lib/web/formatters/minilog.js 853 bytes {0} [built]
  [249] ./~/minilog/lib/web/array.js 319 bytes {0} [built]
  [250] ./~/minilog/lib/web/localstorage.js 530 bytes {0} [built]
  [251] ./~/minilog/lib/web/jquery_simple.js 2.21 kB {0} [built]
  [252] ./app/lib/project-loader.js 1.6 kB {0} [built]
  [253] ./app/lib/empty-project.json 1.48 kB {0} [built]
chunk    {1} lib.min.js (lib) 701 kB [rendered]
    [0] multi lib 40 bytes {1} [built]
    [1] ./~/react/react.js 56 bytes {1} [built]
    [2] ./~/react/lib/React.js 2.72 kB {1} [built]
    [3] ./~/process/browser.js 5.3 kB {1} [built]
    [4] ./~/object-assign/index.js 1.99 kB {1} [built]
    [5] ./~/react/lib/ReactChildren.js 6.22 kB {1} [built]
    [6] ./~/react/lib/PooledClass.js 3.59 kB {1} [built]
    [7] ./~/react/lib/reactProdInvariant.js 1.27 kB {1} [built]
    [8] ./~/fbjs/lib/invariant.js 1.49 kB {1} [built]
    [9] ./~/react/lib/ReactElement.js 11.7 kB {1} [built]
   [10] ./~/react/lib/ReactCurrentOwner.js 657 bytes {1} [built]
   [11] ./~/fbjs/lib/warning.js 2.1 kB {1} [built]
   [12] ./~/fbjs/lib/emptyFunction.js 1.08 kB {1} [built]
   [13] ./~/react/lib/canDefineProperty.js 632 bytes {1} [built]
   [14] ./~/react/lib/traverseAllChildren.js 6.74 kB {1} [built]
   [15] ./~/react/lib/getIteratorFn.js 1.15 kB {1} [built]
   [16] ./~/react/lib/KeyEscapeUtils.js 1.33 kB {1} [built]
   [17] ./~/react/lib/ReactComponent.js 4.64 kB {1} [built]
   [18] ./~/react/lib/ReactNoopUpdateQueue.js 3.4 kB {1} [built]
   [19] ./~/fbjs/lib/emptyObject.js 458 bytes {1} [built]
   [20] ./~/react/lib/ReactPureComponent.js 1.36 kB {1} [built]
   [21] ./~/react/lib/ReactClass.js 27.2 kB {1} [built]
   [22] ./~/react/lib/ReactPropTypeLocations.js 552 bytes {1} [built]
   [23] ./~/fbjs/lib/keyMirror.js 1.25 kB {1} [built]
   [24] ./~/react/lib/ReactPropTypeLocationNames.js 614 bytes {1} [built]
   [25] ./~/fbjs/lib/keyOf.js 1.1 kB {1} [built]
   [26] ./~/react/lib/ReactDOMFactories.js 5.56 kB {1} [built]
   [27] ./~/react/lib/ReactElementValidator.js 8.08 kB {1} [built]
   [28] ./~/react/lib/ReactComponentTreeHook.js 10.1 kB {1} [built]
   [29] ./~/react/lib/checkReactTypeSpec.js 4.23 kB {1} [built]
   [30] ./~/react/lib/ReactPropTypesSecret.js 478 bytes {1} [built]
   [31] ./~/react/lib/ReactPropTypes.js 15.6 kB {1} [built]
   [32] ./~/react/lib/ReactVersion.js 382 bytes {1} [built]
   [33] ./~/react/lib/onlyChild.js 1.37 kB {1} [built]
   [34] ./~/react-dom/index.js 63 bytes {1} [built]
   [35] ./~/react/lib/ReactDOM.js 5.08 kB {1} [built]
   [36] ./~/react/lib/ReactDOMComponentTree.js 6.2 kB {1} [built]
   [37] ./~/react/lib/DOMProperty.js 8.13 kB {1} [built]
   [38] ./~/react/lib/ReactDOMComponentFlags.js 471 bytes {1} [built]
   [39] ./~/react/lib/ReactDefaultInjection.js 3.4 kB {1} [built]
   [40] ./~/react/lib/BeforeInputEventPlugin.js 14 kB {1} [built]
   [41] ./~/react/lib/EventConstants.js 2.17 kB {1} [built]
   [42] ./~/react/lib/EventPropagators.js 5.32 kB {1} [built]
   [43] ./~/react/lib/EventPluginHub.js 8.32 kB {1} [built]
   [44] ./~/react/lib/EventPluginRegistry.js 9.48 kB {1} [built]
   [45] ./~/react/lib/EventPluginUtils.js 8.17 kB {1} [built]
   [46] ./~/react/lib/ReactErrorUtils.js 2.26 kB {1} [built]
   [47] ./~/react/lib/accumulateInto.js 1.73 kB {1} [built]
   [48] ./~/react/lib/forEachAccumulated.js 893 bytes {1} [built]
   [49] ./~/fbjs/lib/ExecutionEnvironment.js 1.06 kB {1} [built]
   [50] ./~/react/lib/FallbackCompositionState.js 2.47 kB {1} [built]
   [51] ./~/react/lib/getTextContentAccessor.js 997 bytes {1} [built]
   [52] ./~/react/lib/SyntheticCompositionEvent.js 1.14 kB {1} [built]
   [53] ./~/react/lib/SyntheticEvent.js 9.21 kB {1} [built]
   [54] ./~/react/lib/SyntheticInputEvent.js 1.13 kB {1} [built]
   [55] ./~/react/lib/ChangeEventPlugin.js 11.5 kB {1} [built]
   [56] ./~/react/lib/ReactUpdates.js 9.6 kB {1} [built]
   [57] ./~/react/lib/CallbackQueue.js 2.73 kB {1} [built]
   [58] ./~/react/lib/ReactFeatureFlags.js 665 bytes {1} [built]
   [59] ./~/react/lib/ReactReconciler.js 6.25 kB {1} [built]
   [60] ./~/react/lib/ReactRef.js 2.47 kB {1} [built]
   [61] ./~/react/lib/ReactOwner.js 3.6 kB {1} [built]
   [62] ./~/react/lib/ReactInstrumentation.js 559 bytes {1} [built]
   [63] ./~/react/lib/ReactDebugTool.js 9.8 kB {1} [built]
   [64] ./~/react/lib/ReactInvalidSetStateWarningHook.js 1.03 kB {1} [built]
   [65] ./~/react/lib/ReactHostOperationHistoryHook.js 860 bytes {1} [built]
   [66] ./~/react/lib/ReactChildrenMutationWarningHook.js 1.66 kB {1} [built]
   [67] ./~/fbjs/lib/performanceNow.js 845 bytes {1} [built]
   [68] ./~/fbjs/lib/performance.js 588 bytes {1} [built]
   [69] ./~/react/lib/Transaction.js 9.61 kB {1} [built]
   [70] ./~/react/lib/getEventTarget.js 1.04 kB {1} [built]
   [71] ./~/react/lib/isEventSupported.js 1.97 kB {1} [built]
   [72] ./~/react/lib/isTextInputElement.js 1.08 kB {1} [built]
   [73] ./~/react/lib/DefaultEventPluginOrder.js 1.26 kB {1} [built]
   [74] ./~/react/lib/EnterLeaveEventPlugin.js 3.46 kB {1} [built]
   [75] ./~/react/lib/SyntheticMouseEvent.js 2.18 kB {1} [built]
   [76] ./~/react/lib/SyntheticUIEvent.js 1.61 kB {1} [built]
   [77] ./~/react/lib/ViewportMetrics.js 641 bytes {1} [built]
   [78] ./~/react/lib/getEventModifierState.js 1.27 kB {1} [built]
   [79] ./~/react/lib/HTMLDOMPropertyConfig.js 5.49 kB {1} [built]
   [80] ./~/react/lib/ReactComponentBrowserEnvironment.js 958 bytes {1} [built]
   [81] ./~/react/lib/DOMChildrenOperations.js 7.3 kB {1} [built]
   [82] ./~/react/lib/DOMLazyTree.js 3.75 kB {1} [built]
   [83] ./~/react/lib/DOMNamespaces.js 538 bytes {1} [built]
   [84] ./~/react/lib/setInnerHTML.js 3.89 kB {1} [built]
   [85] ./~/react/lib/createMicrosoftUnsafeLocalFunction.js 864 bytes {1} [built]
   [86] ./~/react/lib/setTextContent.js 1.4 kB {1} [built]
   [87] ./~/react/lib/escapeTextContentForBrowser.js 3.48 kB {1} [built]
   [88] ./~/react/lib/Danger.js 2.27 kB {1} [built]
   [89] ./~/fbjs/lib/createNodesFromMarkup.js 2.66 kB {1} [built]
   [90] ./~/fbjs/lib/createArrayFromMixed.js 4.11 kB {1} [built]
   [91] ./~/fbjs/lib/getMarkupWrap.js 3.04 kB {1} [built]
   [92] ./~/react/lib/ReactMultiChildUpdateTypes.js 864 bytes {1} [built]
   [93] ./~/react/lib/ReactDOMIDOperations.js 996 bytes {1} [built]
   [94] ./~/react/lib/ReactDOMComponent.js 38.9 kB {1} [built]
   [95] ./~/react/lib/AutoFocusUtils.js 633 bytes {1} [built]
   [96] ./~/fbjs/lib/focusNode.js 704 bytes {1} [built]
   [97] ./~/react/lib/CSSPropertyOperations.js 6.85 kB {1} [built]
   [98] ./~/react/lib/CSSProperty.js 3.69 kB {1} [built]
   [99] ./~/fbjs/lib/camelizeStyleName.js 1 kB {1} [built]
  [100] ./~/fbjs/lib/camelize.js 708 bytes {1} [built]
  [101] ./~/react/lib/dangerousStyleValue.js 3.06 kB {1} [built]
  [102] ./~/fbjs/lib/hyphenateStyleName.js 974 bytes {1} [built]
  [103] ./~/fbjs/lib/hyphenate.js 800 bytes {1} [built]
  [104] ./~/fbjs/lib/memoizeStringOnly.js 698 bytes {1} [built]
  [105] ./~/react/lib/DOMPropertyOperations.js 7.41 kB {1} [built]
  [106] ./~/react/lib/quoteAttributeValueForBrowser.js 749 bytes {1} [built]
  [107] ./~/react/lib/ReactBrowserEventEmitter.js 12.9 kB {1} [built]
  [108] ./~/react/lib/ReactEventEmitterMixin.js 1 kB {1} [built]
  [109] ./~/react/lib/getVendorPrefixedEventName.js 2.92 kB {1} [built]
  [110] ./~/react/lib/ReactDOMButton.js 634 bytes {1} [built]
  [111] ./~/react/lib/DisabledInputUtils.js 1.16 kB {1} [built]
  [112] ./~/react/lib/ReactDOMInput.js 12.1 kB {1} [built]
  [113] ./~/react/lib/LinkedValueUtils.js 5.28 kB {1} [built]
  [114] ./~/react/lib/ReactDOMOption.js 3.73 kB {1} [built]
  [115] ./~/react/lib/ReactDOMSelect.js 6.94 kB {1} [built]
  [116] ./~/react/lib/ReactDOMTextarea.js 6.36 kB {1} [built]
  [117] ./~/react/lib/ReactMultiChild.js 14.8 kB {1} [built]
  [118] ./~/react/lib/ReactComponentEnvironment.js 1.34 kB {1} [built]
  [119] ./~/react/lib/ReactInstanceMap.js 1.26 kB {1} [built]
  [120] ./~/react/lib/ReactChildReconciler.js 6.13 kB {1} [built]
  [121] ./~/react/lib/instantiateReactComponent.js 4.81 kB {1} [built]
  [122] ./~/react/lib/ReactCompositeComponent.js 35.4 kB {1} [built]
  [123] ./~/react/lib/ReactNodeTypes.js 1.06 kB {1} [built]
  [124] ./~/fbjs/lib/shallowEqual.js 1.74 kB {1} [built]
  [125] ./~/react/lib/shouldUpdateReactComponent.js 1.45 kB {1} [built]
  [126] ./~/react/lib/ReactEmptyComponent.js 743 bytes {1} [built]
  [127] ./~/react/lib/ReactHostComponent.js 2.42 kB {1} [built]
  [128] ./~/react/lib/flattenChildren.js 2.79 kB {1} [built]
  [129] ./~/react/lib/ReactServerRenderingTransaction.js 2.35 kB {1} [built]
  [130] ./~/react/lib/ReactServerUpdateQueue.js 4.95 kB {1} [built]
  [131] ./~/react/lib/ReactUpdateQueue.js 9.03 kB {1} [built]
  [132] ./~/react/lib/validateDOMNesting.js 13.7 kB {1} [built]
  [133] ./~/react/lib/ReactDOMEmptyComponent.js 1.94 kB {1} [built]
  [134] ./~/react/lib/ReactDOMTreeTraversal.js 3.74 kB {1} [built]
  [135] ./~/react/lib/ReactDOMTextComponent.js 5.86 kB {1} [built]
  [136] ./~/react/lib/ReactDefaultBatchingStrategy.js 1.92 kB {1} [built]
  [137] ./~/react/lib/ReactEventListener.js 5.38 kB {1} [built]
  [138] ./~/fbjs/lib/EventListener.js 2.67 kB {1} [built]
  [139] ./~/fbjs/lib/getUnboundedScrollPosition.js 1.05 kB {1} [built]
  [140] ./~/react/lib/ReactInjection.js 1.31 kB {1} [built]
  [141] ./~/react/lib/ReactReconcileTransaction.js 5.31 kB {1} [built]
  [142] ./~/react/lib/ReactInputSelection.js 4.31 kB {1} [built]
  [143] ./~/react/lib/ReactDOMSelection.js 6.81 kB {1} [built]
  [144] ./~/react/lib/getNodeForCharacterOffset.js 1.66 kB {1} [built]
  [145] ./~/fbjs/lib/containsNode.js 1.05 kB {1} [built]
  [146] ./~/fbjs/lib/isTextNode.js 605 bytes {1} [built]
  [147] ./~/fbjs/lib/isNode.js 693 bytes {1} [built]
  [148] ./~/fbjs/lib/getActiveElement.js 895 bytes {1} [built]
  [149] ./~/react/lib/SVGDOMPropertyConfig.js 7.36 kB {1} [built]
  [150] ./~/react/lib/SelectEventPlugin.js 6.51 kB {1} [built]
  [151] ./~/react/lib/SimpleEventPlugin.js 18.9 kB {1} [built]
  [152] ./~/react/lib/SyntheticAnimationEvent.js 1.25 kB {1} [built]
  [153] ./~/react/lib/SyntheticClipboardEvent.js 1.21 kB {1} [built]
  [154] ./~/react/lib/SyntheticFocusEvent.js 1.1 kB {1} [built]
  [155] ./~/react/lib/SyntheticKeyboardEvent.js 2.75 kB {1} [built]
  [156] ./~/react/lib/getEventCharCode.js 1.54 kB {1} [built]
  [157] ./~/react/lib/getEventKey.js 2.9 kB {1} [built]
  [158] ./~/react/lib/SyntheticDragEvent.js 1.11 kB {1} [built]
  [159] ./~/react/lib/SyntheticTouchEvent.js 1.32 kB {1} [built]
  [160] ./~/react/lib/SyntheticTransitionEvent.js 1.27 kB {1} [built]
  [161] ./~/react/lib/SyntheticWheelEvent.js 1.98 kB {1} [built]
  [162] ./~/react/lib/ReactMount.js 25.5 kB {1} [built]
  [163] ./~/react/lib/ReactDOMContainerInfo.js 1.01 kB {1} [built]
  [164] ./~/react/lib/ReactDOMFeatureFlags.js 460 bytes {1} [built]
  [165] ./~/react/lib/ReactMarkupChecksum.js 1.51 kB {1} [built]
  [166] ./~/react/lib/adler32.js 1.22 kB {1} [built]
  [167] ./~/react/lib/findDOMNode.js 2.49 kB {1} [built]
  [168] ./~/react/lib/getHostComponentFromComposite.js 789 bytes {1} [built]
  [169] ./~/react/lib/renderSubtreeIntoContainer.js 466 bytes {1} [built]
  [170] ./~/react/lib/ReactDOMUnknownPropertyHook.js 4.36 kB {1} [built]
  [171] ./~/react/lib/ReactDOMNullInputValuePropHook.js 1.41 kB {1} [built]
Child html-webpack-plugin for "index.html":
    chunk    {0} index.html 540 kB [rendered]
        [0] ./~/html-webpack-plugin/lib/loader.js!./~/html-webpack-plugin/default_index.ejs 540 bytes {0} [built]
        [1] ./~/lodash/lodash.js 539 kB {0} [built]
        [2] (webpack)/buildin/module.js 251 bytes {0} [built]
webpack: bundle is now VALID.
webpack: bundle is now INVALID.
Hash: 9111b064242668ddbbcf
Version: webpack 1.13.2
Time: 292ms
 Asset    Size  Chunks             Chunk Names
gui.js  836 kB       0  [emitted]  gui
chunk    {0} gui.js (gui) 812 kB {1} [rendered]
     + 81 hidden modules
chunk    {1} lib.min.js (lib) 701 kB
     + 172 hidden modules

ERROR in ./app/scratch-blocks/dist/vertical.js
Module build failed: Error: ENOENT: no such file or directory, open 'F:\KittenbotGui\app\scratch-blocks\dist\vertical.js'
    at Error (native)
 @ ./app/containers/blocks.jsx 18:20-48

ERROR in ./app/scratch-render/dist.js
Module build failed: Error: ENOENT: no such file or directory, open 'F:\KittenbotGui\app\scratch-render\dist.js'
    at Error (native)
 @ ./app/containers/stage.jsx 17:15-43
Child html-webpack-plugin for "index.html":
    chunk    {0} index.html 540 kB
         + 3 hidden modules
webpack: bundle is now VALID.
终止批处理操作吗(Y/N)? 
